<?xml version="1.0" encoding="UTF-8"?>
<!-- Generated by org.testng.reporters.JUnitXMLReporter -->
<testsuite ignored="25" hostname="Censiuss-MacBook-Air.local" failures="1" tests="1" name="TestAllButtonsInSingleLogin" time="34.966" errors="0" timestamp="2024-10-08T16:58:43 IST">
  <testcase classname="testCases.HomePageTest" name="testAllButtonsInSingleLogin" time="25.749">
    <failure type="org.openqa.selenium.NoSuchElementException" message="no such element: Unable to locate element: {&amp;quot;method&amp;quot;:&amp;quot;xpath&amp;quot;,&amp;quot;selector&amp;quot;:&amp;quot;//div[text()=&amp;apos;Orhder&amp;apos;]&amp;quot;}
  (Session info: chrome=129.0.6668.90)
For documentation on this error, please visit: https://www.selenium.dev/documentation/webdriver/troubleshooting/errors#no-such-element-exception
Build info: version: &amp;apos;4.25.0&amp;apos;, revision: &amp;apos;8a8aea2337&amp;apos;
System info: os.name: &amp;apos;Mac OS X&amp;apos;, os.arch: &amp;apos;aarch64&amp;apos;, os.version: &amp;apos;15.0.1&amp;apos;, java.version: &amp;apos;22.0.2&amp;apos;
Driver info: org.openqa.selenium.chrome.ChromeDriver
Command: [3df0bef30c87cbee43451b0ede9bb771, findElement {value=//div[text()=&amp;apos;Orhder&amp;apos;], using=xpath}]
Capabilities {acceptInsecureCerts: false, browserName: chrome, browserVersion: 129.0.6668.90, chrome: {chromedriverVersion: 129.0.6668.89 (951c0b97221f..., userDataDir: /var/folders/05/hlp4h6ss30g...}, fedcm:accounts: true, goog:chromeOptions: {debuggerAddress: localhost:52050}, networkConnectionEnabled: false, pageLoadStrategy: normal, platformName: mac, proxy: Proxy(), se:cdp: ws://localhost:52050/devtoo..., se:cdpVersion: 129.0.6668.90, setWindowRect: true, strictFileInteractability: false, timeouts: {implicit: 0, pageLoad: 300000, script: 30000}, unhandledPromptBehavior: dismiss and notify, webauthn:extension:credBlob: true, webauthn:extension:largeBlob: true, webauthn:extension:minPinLength: true, webauthn:extension:prf: true, webauthn:virtualAuthenticators: true}
Session ID: 3df0bef30c87cbee43451b0ede9bb771">
      <![CDATA[org.openqa.selenium.NoSuchElementException: no such element: Unable to locate element: {"method":"xpath","selector":"//div[text()='Orhder']"}
  (Session info: chrome=129.0.6668.90)
For documentation on this error, please visit: https://www.selenium.dev/documentation/webdriver/troubleshooting/errors#no-such-element-exception
Build info: version: '4.25.0', revision: '8a8aea2337'
System info: os.name: 'Mac OS X', os.arch: 'aarch64', os.version: '15.0.1', java.version: '22.0.2'
Driver info: org.openqa.selenium.chrome.ChromeDriver
Command: [3df0bef30c87cbee43451b0ede9bb771, findElement {value=//div[text()='Orhder'], using=xpath}]
Capabilities {acceptInsecureCerts: false, browserName: chrome, browserVersion: 129.0.6668.90, chrome: {chromedriverVersion: 129.0.6668.89 (951c0b97221f..., userDataDir: /var/folders/05/hlp4h6ss30g...}, fedcm:accounts: true, goog:chromeOptions: {debuggerAddress: localhost:52050}, networkConnectionEnabled: false, pageLoadStrategy: normal, platformName: mac, proxy: Proxy(), se:cdp: ws://localhost:52050/devtoo..., se:cdpVersion: 129.0.6668.90, setWindowRect: true, strictFileInteractability: false, timeouts: {implicit: 0, pageLoad: 300000, script: 30000}, unhandledPromptBehavior: dismiss and notify, webauthn:extension:credBlob: true, webauthn:extension:largeBlob: true, webauthn:extension:minPinLength: true, webauthn:extension:prf: true, webauthn:virtualAuthenticators: true}
Session ID: 3df0bef30c87cbee43451b0ede9bb771
at org.openqa.selenium.remote.ErrorCodec.decode(ErrorCodec.java:167)
at org.openqa.selenium.remote.codec.w3c.W3CHttpResponseCodec.decode(W3CHttpResponseCodec.java:138)
at org.openqa.selenium.remote.codec.w3c.W3CHttpResponseCodec.decode(W3CHttpResponseCodec.java:50)
at org.openqa.selenium.remote.HttpCommandExecutor.execute(HttpCommandExecutor.java:190)
at org.openqa.selenium.remote.service.DriverCommandExecutor.invokeExecute(DriverCommandExecutor.java:216)
at org.openqa.selenium.remote.service.DriverCommandExecutor.execute(DriverCommandExecutor.java:174)
at org.openqa.selenium.remote.RemoteWebDriver.execute(RemoteWebDriver.java:545)
at org.openqa.selenium.remote.ElementLocation$ElementFinder$2.findElement(ElementLocation.java:165)
at org.openqa.selenium.remote.ElementLocation.findElement(ElementLocation.java:59)
at org.openqa.selenium.remote.RemoteWebDriver.findElement(RemoteWebDriver.java:368)
at org.openqa.selenium.remote.RemoteWebDriver.findElement(RemoteWebDriver.java:362)
at org.openqa.selenium.support.pagefactory.DefaultElementLocator.findElement(DefaultElementLocator.java:68)
at org.openqa.selenium.support.pagefactory.internal.LocatingElementHandler.invoke(LocatingElementHandler.java:38)
at jdk.proxy2/jdk.proxy2.$Proxy14.isDisplayed(Unknown Source)
at pages.PlaceOrderPage.isHeaderDisplayed(PlaceOrderPage.java:13)
at testCases.HomePageTest.testAllButtonsInSingleLogin(HomePageTest.java:80)
at java.base/java.util.ArrayList.forEach(ArrayList.java:1597)
... Removed 28 stack frames]]>
    </failure>
  </testcase> <!-- testAllButtonsInSingleLogin -->
  <testcase classname="testCases.HomePageTest" name="clickOnPlaceOrderTest" time="0.0">
    <ignored/>
  </testcase> <!-- clickOnPlaceOrderTest -->
  <testcase classname="testCases.HomePageTest" name="clickOnTruckManagementTest" time="0.0">
    <ignored/>
  </testcase> <!-- clickOnTruckManagementTest -->
  <testcase classname="testCases.HomePageTest" name="clickOnSendTextMessageTest" time="0.0">
    <ignored/>
  </testcase> <!-- clickOnSendTextMessageTest -->
  <testcase classname="testCases.HomePageTest" name="clickOnViewTemplateTest" time="0.0">
    <ignored/>
  </testcase> <!-- clickOnViewTemplateTest -->
  <testcase classname="testCases.HomePageTest" name="updatedLinkTest" time="0.0">
    <ignored/>
  </testcase> <!-- updatedLinkTest -->
  <testcase classname="testCases.HomePageTest" name="clickOnUpdateTimesheetsTest" time="0.0">
    <ignored/>
  </testcase> <!-- clickOnUpdateTimesheetsTest -->
  <testcase classname="testCases.HomePageTest" name="clickOnEditJobDetailsTest" time="0.0">
    <ignored/>
  </testcase> <!-- clickOnEditJobDetailsTest -->
  <testcase classname="testCases.HomePageTest" name="clickOnUpdatedTest" time="0.0">
    <ignored/>
  </testcase> <!-- clickOnUpdatedTest -->
  <testcase classname="testCases.HomePageTest" name="clickOnMyLaborAssignmentsTest" time="0.0">
    <ignored/>
  </testcase> <!-- clickOnMyLaborAssignmentsTest -->
  <testcase classname="testCases.HomePageTest" name="clickOnReturnItemsTest" time="0.0">
    <ignored/>
  </testcase> <!-- clickOnReturnItemsTest -->
  <testcase classname="testCases.HomePageTest" name="clickOnDashboardTest" time="0.0">
    <ignored/>
  </testcase> <!-- clickOnDashboardTest -->
  <testcase classname="testCases.HomePageTest" name="clickOnBackFromRepairTest" time="0.0">
    <ignored/>
  </testcase> <!-- clickOnBackFromRepairTest -->
  <testcase classname="testCases.HomePageTest" name="clickOnAdminTest" time="0.0">
    <ignored/>
  </testcase> <!-- clickOnAdminTest -->
  <testcase classname="testCases.HomePageTest" name="clickOnJobSummaryTest" time="0.0">
    <ignored/>
  </testcase> <!-- clickOnJobSummaryTest -->
  <testcase classname="testCases.HomePageTest" name="clickOnCreateNewJobTest" time="0.0">
    <ignored/>
  </testcase> <!-- clickOnCreateNewJobTest -->
  <testcase classname="testCases.HomePageTest" name="clickOnCancellationHolidayTest" time="0.0">
    <ignored/>
  </testcase> <!-- clickOnCancellationHolidayTest -->
  <testcase classname="testCases.HomePageTest" name="clickOnOrderForYardTest" time="0.0">
    <ignored/>
  </testcase> <!-- clickOnOrderForYardTest -->
  <testcase classname="testCases.HomePageTest" name="clickOnScheduleLaborTest" time="0.0">
    <ignored/>
  </testcase> <!-- clickOnScheduleLaborTest -->
  <testcase classname="testCases.HomePageTest" name="clickOnImportEmployeeReportCsvTest" time="0.0">
    <ignored/>
  </testcase> <!-- clickOnImportEmployeeReportCsvTest -->
  <testcase classname="testCases.HomePageTest" name="clickOnDatabaseTest" time="0.0">
    <ignored/>
  </testcase> <!-- clickOnDatabaseTest -->
  <testcase classname="testCases.HomePageTest" name="clickOnHoursSummaryExportTest" time="0.0">
    <ignored/>
  </testcase> <!-- clickOnHoursSummaryExportTest -->
  <testcase classname="testCases.HomePageTest" name="clickOnCheckOutItemsTest" time="0.0">
    <ignored/>
  </testcase> <!-- clickOnCheckOutItemsTest -->
  <testcase classname="testCases.HomePageTest" name="clickOnWeatherCancellationTest" time="0.0">
    <ignored/>
  </testcase> <!-- clickOnWeatherCancellationTest -->
  <testcase classname="testCases.HomePageTest" name="clickOnDriverEnterTest" time="0.0">
    <ignored/>
  </testcase> <!-- clickOnDriverEnterTest -->
  <testcase classname="testCases.HomePageTest" name="clickOnTransferItemsTest" time="0.0">
    <ignored/>
  </testcase> <!-- clickOnTransferItemsTest -->
</testsuite> <!-- TestAllButtonsInSingleLogin -->
